[2026-03-24T01:45:20.995Z] ❌ Product validation failed for 2603240DK9JPXR
{
  "errors": [
    "Product not found in Odoo: B002054"
  ]
}
[2026-03-24T01:45:21.255Z] ❌ Product validation failed for 2603240DA9MFB4
{
  "errors": [
    "Product not found in Odoo: B001578"
  ]
}
[2026-03-24T01:45:21.605Z] ❌ Product validation failed for 2603240D6CMUGT
{
  "errors": [
    "Product not found in Odoo: A001302"
  ]
}
[2026-03-24T01:45:21.975Z] ❌ Product validation failed for 2603240D3G3SFH
{
  "errors": [
    "Product not found in Odoo: B002076"
  ]
}
[2026-03-24T01:45:22.356Z] ❌ Product validation failed for 2603240D14U2M8
{
  "errors": [
    "Product not found in Odoo: B001578"
  ]
}
