[2026-03-24T01:34:26.689Z] ❌ Product validation failed for 2603240DK9JPXR
{
  "errors": [
    "Product not found in Odoo: B002054"
  ]
}
[2026-03-24T01:34:27.139Z] ❌ Product validation failed for 2603240DA9MFB4
{
  "errors": [
    "Product not found in Odoo: B001578"
  ]
}
[2026-03-24T01:34:27.578Z] ❌ Product validation failed for 2603240D6CMUGT
{
  "errors": [
    "Product not found in Odoo: A001302"
  ]
}
[2026-03-24T01:34:27.907Z] ❌ Product validation failed for 2603240D3G3SFH
{
  "errors": [
    "Product not found in Odoo: B002076"
  ]
}
[2026-03-24T01:34:28.248Z] ❌ Product validation failed for 2603240D14U2M8
{
  "errors": [
    "Product not found in Odoo: B001578"
  ]
}
[2026-03-24T01:34:28.628Z] ❌ Product validation failed for 2603240BY7JBW9
{
  "errors": [
    "Product not found in Odoo: B000724"
  ]
}
[2026-03-24T01:34:29.150Z] ❌ Product validation failed for 2603240A5RVD1U
{
  "errors": [
    "Product not found in Odoo: A001307"
  ]
}
[2026-03-24T01:34:29.587Z] ❌ Product validation failed for 26032409DAT9K1
{
  "errors": [
    "Product not found in Odoo: B002330"
  ]
}
[2026-03-24T01:34:29.947Z] ❌ Product validation failed for 583206502734136651
{
  "errors": [
    "Product not found in Odoo: B003024"
  ]
}
[2026-03-24T01:34:30.398Z] ❌ Product validation failed for 26032407NVYSY3
{
  "errors": [
    "Product not found in Odoo: B001579"
  ]
}
[2026-03-24T01:34:31.807Z] ❌ Product validation failed for 26032407HB2FTS
{
  "errors": [
    "Product not found in Odoo: A000886",
    "Product not found in Odoo: A001184",
    "Product not found in Odoo: A001969",
    "Product not found in Odoo: A001971"
  ]
}
[2026-03-24T01:34:32.177Z] ❌ Product validation failed for 583206366807295772
{
  "errors": [
    "Product not found in Odoo: B001900",
    "Product not found in Odoo: B001900",
    "Product not found in Odoo: B001900",
    "Product not found in Odoo: B001900",
    "Product not found in Odoo: B001900",
    "Product not found in Odoo: B001900"
  ]
}
[2026-03-24T01:34:32.549Z] ❌ Product validation failed for 260324063DFRVB
{
  "errors": [
    "Product not found in Odoo: B004083",
    "Product not found in Odoo: B001578"
  ]
}
[2026-03-24T01:34:32.789Z] ❌ Product validation failed for 260324061AR41R
{
  "errors": [
    "Product not found in Odoo: B002054"
  ]
}
[2026-03-24T01:34:33.024Z] ❌ Product validation failed for 583206072582767777
{
  "errors": [
    "Product not found in Odoo: B002074",
    "Product not found in Odoo: B002074",
    "Product not found in Odoo: B002074"
  ]
}
[2026-03-24T01:34:33.277Z] ❌ Product validation failed for 26032403F3GUKC
{
  "errors": [
    "Product not found in Odoo: B001578"
  ]
}
[2026-03-24T01:34:33.447Z] ❌ Product validation failed for 583205943213065550
{
  "errors": [
    "Product not found in Odoo: B002076",
    "Product not found in Odoo: B002076"
  ]
}
[2026-03-24T01:34:33.647Z] ❌ Product validation failed for 26032401M73EQK
{
  "errors": [
    "Product not found in Odoo: B001582"
  ]
}
[2026-03-24T01:34:33.847Z] ❌ Product validation failed for 260324011UMKF8
{
  "errors": [
    "Product not found in Odoo: B001583"
  ]
}
[2026-03-24T01:34:34.217Z] ❌ Product validation failed for 26032400YQUYF8
{
  "errors": [
    "Product not found in Odoo: A001312"
  ]
}
[2026-03-24T01:34:34.557Z] ❌ Product validation failed for 260324VUUJP2A1
{
  "errors": [
    "Product not found in Odoo: B002074"
  ]
}
[2026-03-24T01:34:35.428Z] ❌ Product validation failed for 260324VTR6M8RU
{
  "errors": [
    "Product not found in Odoo: B001899",
    "Product not found in Odoo: B001891",
    "Product not found in Odoo: B001898",
    "Product not found in Odoo: B001900",
    "Product not found in Odoo: A000605",
    "Product not found in Odoo: B001889",
    "Product not found in Odoo: B001871",
    "Product not found in Odoo: B001913",
    "Product not found in Odoo: A001731"
  ]
}
[2026-03-24T01:34:35.679Z] ❌ Product validation failed for 260324VSRSG6NN
{
  "errors": [
    "Product not found in Odoo: A000474"
  ]
}
[2026-03-24T01:34:35.955Z] ❌ Product validation failed for 260324VR1WSD51
{
  "errors": [
    "Product not found in Odoo: B003088",
    "Product not found in Odoo: A000477"
  ]
}
[2026-03-24T01:34:36.347Z] ❌ Product validation failed for 260324VR1WSD52
{
  "errors": [
    "Product not found in Odoo: B001582",
    "Product not found in Odoo: B003090",
    "Product not found in Odoo: A000477"
  ]
}
[2026-03-24T01:34:36.467Z] ❌ Product validation failed for 583205000933639652
{
  "errors": [
    "Product not found in Odoo: B003125"
  ]
}
[2026-03-24T01:34:36.698Z] ❌ Product validation failed for 583204922413057084
{
  "errors": [
    "Product not found in Odoo: B002054"
  ]
}
[2026-03-24T01:34:37.267Z] ❌ Product validation failed for 583204850874352733
{
  "errors": [
    "Product not found in Odoo: B002556",
    "Product not found in Odoo: B002074",
    "Product not found in Odoo: B000806"
  ]
}
[2026-03-24T01:34:37.549Z] ❌ Product validation failed for 260324VKWV1A71
{
  "errors": [
    "Product not found in Odoo: B000745"
  ]
}
[2026-03-24T01:34:37.807Z] ❌ Product validation failed for 260324VJRPTWSW
{
  "errors": [
    "Product not found in Odoo: B001583"
  ]
}
[2026-03-24T01:34:38.357Z] ❌ Product validation failed for 260324VJHGYRG7
{
  "errors": [
    "Product not found in Odoo: B002078"
  ]
}
[2026-03-24T01:34:38.647Z] ❌ Product validation failed for 583204128046679302
{
  "errors": [
    "Product not found in Odoo: A000712",
    "Product not found in Odoo: A000712"
  ]
}
[2026-03-24T01:34:39.067Z] ❌ Product validation failed for 260323VGCM3V3E
{
  "errors": [
    "Product not found in Odoo: B002074"
  ]
}
[2026-03-24T01:34:39.477Z] ❌ Product validation failed for 260323VG35RRF1
{
  "errors": [
    "Product not found in Odoo: B002074"
  ]
}
[2026-03-24T01:34:40.117Z] ❌ Product validation failed for 260323VEGU1035
{
  "errors": [
    "Product not found in Odoo: B002998"
  ]
}
[2026-03-24T01:34:40.358Z] ❌ Product validation failed for 583203304637958127
{
  "errors": [
    "Product not found in Odoo: B001580",
    "Product not found in Odoo: B003100"
  ]
}
[2026-03-24T01:34:40.766Z] ❌ Product validation failed for 260323VDESXDCM
{
  "errors": [
    "Product not found in Odoo: B000724"
  ]
}
[2026-03-24T01:34:41.147Z] ❌ Product validation failed for 260323VDEYMTWV
{
  "errors": [
    "Product not found in Odoo: B002989"
  ]
}
[2026-03-24T01:34:41.486Z] ❌ Product validation failed for 260323VD9WGA4W
{
  "errors": [
    "Product not found in Odoo: B002329"
  ]
}
[2026-03-24T01:34:41.876Z] ❌ Product validation failed for 260323VD9WGA4X
{
  "errors": [
    "Product not found in Odoo: B002329"
  ]
}
[2026-03-24T01:34:42.202Z] ❌ Product validation failed for 260323VC8KABGP
{
  "errors": [
    "Product not found in Odoo: B003005"
  ]
}
[2026-03-24T01:34:42.530Z] ❌ Product validation failed for 260323VB6SU7S6
{
  "errors": [
    "Product not found in Odoo: B002054"
  ]
}
[2026-03-24T01:34:42.857Z] ❌ Product validation failed for 260323VB0CTJYR
{
  "errors": [
    "Product not found in Odoo: B001582"
  ]
}
[2026-03-24T01:34:43.115Z] ❌ Product validation failed for 583202484739213173
{
  "errors": [
    "Product not found in Odoo: A000697"
  ]
}
[2026-03-24T01:34:43.647Z] ❌ Product validation failed for 260323V85SJSKV
{
  "errors": [
    "Product not found in Odoo: B001582"
  ]
}
[2026-03-24T01:34:43.947Z] ❌ Product validation failed for 260323V7H1V06H
{
  "errors": [
    "Product not found in Odoo: B001578"
  ]
}
[2026-03-24T01:34:44.547Z] ❌ Product validation failed for 260323V73KR3K0
{
  "errors": [
    "Product not found in Odoo: B002545"
  ]
}
[2026-03-24T01:34:44.747Z] ❌ Product validation failed for 260323V6X9YAK6
{
  "errors": [
    "Product not found in Odoo: B002069"
  ]
}
[2026-03-24T01:34:45.087Z] ❌ Product validation failed for 260323V6F0SHWV
{
  "errors": [
    "Product not found in Odoo: B002069"
  ]
}
[2026-03-24T01:34:45.421Z] ❌ Product validation failed for 260323V693WAQ3
{
  "errors": [
    "Product not found in Odoo: B001582"
  ]
}
[2026-03-24T01:34:45.877Z] ❌ Product validation failed for 260323V65JG2QY
{
  "errors": [
    "Product not found in Odoo: B001860",
    "Product not found in Odoo: B001870",
    "Product not found in Odoo: B001869",
    "Product not found in Odoo: B001579"
  ]
}
[2026-03-24T01:34:46.097Z] ❌ Product validation failed for 260323V5331T9A
{
  "errors": [
    "Product not found in Odoo: B002074"
  ]
}
[2026-03-24T01:34:47.149Z] ❌ Product validation failed for 260323V41STCC0
{
  "errors": [
    "Product not found in Odoo: B002069"
  ]
}
[2026-03-24T01:34:47.554Z] ❌ Product validation failed for 260323V3PH8JK1
{
  "errors": [
    "Product not found in Odoo: B001877"
  ]
}
[2026-03-24T01:34:47.936Z] ❌ Product validation failed for 260323V3FEC0KH
{
  "errors": [
    "Product not found in Odoo: B001580"
  ]
}
[2026-03-24T01:34:48.500Z] ❌ Product validation failed for 260323V38QPT9Q
{
  "errors": [
    "Product not found in Odoo: B002074"
  ]
}
[2026-03-24T01:34:48.717Z] ❌ Product validation failed for 260323V30DNHJ7
{
  "errors": [
    "Product not found in Odoo: A000697"
  ]
}
[2026-03-24T01:34:48.870Z] ❌ Product validation failed for 583200563147146295
{
  "errors": [
    "Product not found in Odoo: B005312",
    "Product not found in Odoo: B005312"
  ]
}
[2026-03-24T01:34:49.216Z] ❌ Product validation failed for 260323V2N835EV
{
  "errors": [
    "Product not found in Odoo: B002055"
  ]
}
[2026-03-24T01:34:49.537Z] ❌ Product validation failed for 260323V2BK3N8W
{
  "errors": [
    "Product not found in Odoo: B002074"
  ]
}
[2026-03-24T01:34:50.172Z] ❌ Product validation failed for 260323V0Y1ADUU
{
  "errors": [
    "Product not found in Odoo: B000747",
    "Product not found in Odoo: B002055",
    "Product not found in Odoo: B002556"
  ]
}
[2026-03-24T01:34:50.386Z] ❌ Product validation failed for 583199617276872032
{
  "errors": [
    "Product not found in Odoo: B003061",
    "Product not found in Odoo: B003061"
  ]
}
[2026-03-24T01:34:50.687Z] ❌ Product validation failed for 583199560501724339
{
  "errors": [
    "Product not found in Odoo: B003102"
  ]
}
[2026-03-24T01:34:51.066Z] ❌ Product validation failed for 583199372560729403
{
  "errors": [
    "Product not found in Odoo: B001582"
  ]
}
[2026-03-24T01:34:52.158Z] ❌ Product validation failed for 583199140592256561
{
  "errors": [
    "Product not found in Odoo: A000578",
    "Product not found in Odoo: A000712",
    "Product not found in Odoo: A000578",
    "Product not found in Odoo: A000578",
    "Product not found in Odoo: A000578",
    "Product not found in Odoo: A000578",
    "Product not found in Odoo: A000712",
    "Product not found in Odoo: A000712",
    "Product not found in Odoo: A000712",
    "Product not found in Odoo: A000712"
  ]
}
[2026-03-24T01:34:52.455Z] ❌ Product validation failed for 260323UV2T4Q32
{
  "errors": [
    "Product not found in Odoo: B002054"
  ]
}
[2026-03-24T01:34:52.715Z] ❌ Product validation failed for 260323UUWXQ468
{
  "errors": [
    "Product not found in Odoo: B001881"
  ]
}
[2026-03-24T01:34:52.886Z] ❌ Product validation failed for 583198982291883063
{
  "errors": [
    "Product not found in Odoo: B001858"
  ]
}
[2026-03-24T01:34:53.306Z] ❌ Product validation failed for 260323UTH3F9J7
{
  "errors": [
    "Product not found in Odoo: B000913"
  ]
}
[2026-03-24T01:34:53.739Z] ❌ Product validation failed for 260323UT9CEG61
{
  "errors": [
    "Product not found in Odoo: B002074"
  ]
}
[2026-03-24T01:34:54.016Z] ❌ Product validation failed for 260323UT1PC06G
{
  "errors": [
    "Product not found in Odoo: B002074"
  ]
}
[2026-03-24T01:34:54.361Z] ❌ Product validation failed for 260323USK9RF7A
{
  "errors": [
    "Product not found in Odoo: B002078"
  ]
}
[2026-03-24T01:34:54.716Z] ❌ Product validation failed for 260323UPDWBBFS
{
  "errors": [
    "Product not found in Odoo: B000912"
  ]
}
[2026-03-24T01:34:55.095Z] ❌ Product validation failed for 260323UP3ARNPF
{
  "errors": [
    "Product not found in Odoo: B001580"
  ]
}
[2026-03-24T01:34:55.708Z] ❌ Product validation failed for 260323UJE7SXSH
{
  "errors": [
    "Product not found in Odoo: B005287"
  ]
}
[2026-03-24T01:34:56.197Z] ❌ Product validation failed for 260323UHVGCPG6
{
  "errors": [
    "Product not found in Odoo: B001579"
  ]
}
[2026-03-24T01:34:56.641Z] ❌ Product validation failed for 260323UGYS15HP
{
  "errors": [
    "Product not found in Odoo: B001582"
  ]
}
[2026-03-24T01:34:57.193Z] ❌ Product validation failed for 260323UGWVYSUJ
{
  "errors": [
    "Product not found in Odoo: B002074"
  ]
}
[2026-03-24T01:34:57.889Z] ❌ Product validation failed for 260323UETS9XJQ
{
  "errors": [
    "Product not found in Odoo: B001579"
  ]
}
[2026-03-24T01:34:58.316Z] ❌ Product validation failed for 260323UES3UN74
{
  "errors": [
    "Product not found in Odoo: B001583"
  ]
}
[2026-03-24T01:34:59.210Z] ❌ Product validation failed for 583195799001204021
{
  "errors": [
    "Product not found in Odoo: B001899",
    "Product not found in Odoo: B001894",
    "Product not found in Odoo: B001895",
    "Product not found in Odoo: B001900",
    "Product not found in Odoo: B001895"
  ]
}
[2026-03-24T01:34:59.629Z] ❌ Product validation failed for 260323UC588XH8
{
  "errors": [
    "Product not found in Odoo: B005121"
  ]
}
[2026-03-24T01:35:00.195Z] ❌ Product validation failed for 260323UBHMQPR5
{
  "errors": [
    "Product not found in Odoo: B002074"
  ]
}
[2026-03-24T01:35:01.438Z] ❌ Product validation failed for 583195174512723042
{
  "errors": [
    "Product not found in Odoo: A000666"
  ]
}
[2026-03-24T01:35:02.240Z] ❌ Product validation failed for 260323U9AP0PQT
{
  "errors": [
    "Product not found in Odoo: B002076"
  ]
}
[2026-03-24T01:35:02.703Z] ❌ Product validation failed for 260323U82BPX0P
{
  "errors": [
    "Product not found in Odoo: A000712"
  ]
}
[2026-03-24T01:35:04.745Z] ❌ Product validation failed for 260323U7W8K7PV
{
  "errors": [
    "Product not found in Odoo: B002069"
  ]
}
[2026-03-24T01:35:05.401Z] ❌ Product validation failed for 260323U7JTUC6N
{
  "errors": [
    "Product not found in Odoo: B002076",
    "Product not found in Odoo: B002074",
    "Product not found in Odoo: B002557"
  ]
}
[2026-03-24T01:35:06.062Z] ❌ Product validation failed for 260323U79HA26S
{
  "errors": [
    "Product not found in Odoo: B002074"
  ]
}
[2026-03-24T01:35:08.182Z] ❌ Product validation failed for 260323U6WJV280
{
  "errors": [
    "Product not found in Odoo: B001888",
    "Product not found in Odoo: B001578",
    "Product not found in Odoo: B001580",
    "Product not found in Odoo: B001582"
  ]
}
[2026-03-24T01:35:09.058Z] ❌ Product validation failed for 260323U5KCG1K2
{
  "errors": [
    "Product not found in Odoo: A000934"
  ]
}
[2026-03-24T01:35:10.399Z] ❌ Product validation failed for 260323U4Y23A55
{
  "errors": [
    "Product not found in Odoo: B002074"
  ]
}
[2026-03-24T01:35:11.720Z] ❌ Product validation failed for 260323U2SXH1SF
{
  "errors": [
    "Product not found in Odoo: B001585"
  ]
}
[2026-03-24T01:35:12.377Z] ❌ Product validation failed for 260323U0SS669T
{
  "errors": [
    "Product not found in Odoo: B001904"
  ]
}
[2026-03-24T01:35:12.949Z] ❌ Product validation failed for 260323U08JX0SG
{
  "errors": [
    "Product not found in Odoo: B002074"
  ]
}
[2026-03-24T01:35:13.459Z] ❌ Product validation failed for 260323TYMH5HMB
{
  "errors": [
    "Product not found in Odoo: B002069"
  ]
}
[2026-03-24T01:35:14.389Z] ❌ Product validation failed for 260323TYKT9BGA
{
  "errors": [
    "Product not found in Odoo: B003228",
    "Product not found in Odoo: B003200"
  ]
}
[2026-03-24T01:35:14.731Z] ❌ Product validation failed for 260323TY4F24MR
{
  "errors": [
    "Product not found in Odoo: B002994"
  ]
}
[2026-03-24T01:35:15.597Z] ❌ Product validation failed for 260323TXD4BG84
{
  "errors": [
    "Product not found in Odoo: B001584"
  ]
}
[2026-03-24T01:35:16.496Z] ❌ Product validation failed for 260323TX6ESFF8
{
  "errors": [
    "Product not found in Odoo: B003092",
    "Product not found in Odoo: B001578",
    "Product not found in Odoo: B003089"
  ]
}
[2026-03-24T01:35:16.888Z] ❌ Product validation failed for 260323TWMR9WH4
{
  "errors": [
    "Product not found in Odoo: B003149"
  ]
}
[2026-03-24T01:35:18.157Z] ❌ Product validation failed for 260323TWHVQPJ2
{
  "errors": [
    "Product not found in Odoo: B002074"
  ]
}
[2026-03-24T01:35:18.498Z] ❌ Product validation failed for 260323TU0AHPM8
{
  "errors": [
    "Product not found in Odoo: B002829"
  ]
}
[2026-03-24T01:35:19.006Z] ❌ Product validation failed for 260323TT22HW30
{
  "errors": [
    "Product not found in Odoo: A000475"
  ]
}
[2026-03-24T01:35:19.672Z] ❌ Product validation failed for 260323TSEF12F5
{
  "errors": [
    "Product not found in Odoo: B002076"
  ]
}
[2026-03-24T01:35:20.138Z] ❌ Product validation failed for 583192328242037917
{
  "errors": [
    "Product not found in Odoo: B001582"
  ]
}
[2026-03-24T01:35:21.354Z] ❌ Product validation failed for 260323TJNSRVTK
{
  "errors": [
    "Product not found in Odoo: B002078",
    "Product not found in Odoo: B002074"
  ]
}
[2026-03-24T01:35:21.842Z] ❌ Product validation failed for 260323TDQHSTV0
{
  "errors": [
    "Product not found in Odoo: B002078"
  ]
}
[2026-03-24T01:35:22.629Z] ❌ Product validation failed for 260323T1J51VC0
{
  "errors": [
    "Product not found in Odoo: B002074"
  ]
}
[2026-03-24T01:35:23.620Z] ❌ Product validation failed for 260323T16E91E7
{
  "errors": [
    "Product not found in Odoo: B002077"
  ]
}
[2026-03-24T01:35:24.481Z] ❌ Product validation failed for 260322SXMPA89K
{
  "errors": [
    "Product not found in Odoo: B001583"
  ]
}
[2026-03-24T01:35:25.492Z] ❌ Product validation failed for 260322ST82VNRX
{
  "errors": [
    "Product not found in Odoo: B002074"
  ]
}
[2026-03-24T01:35:26.055Z] ❌ Product validation failed for 260322ST0ERT60
{
  "errors": [
    "Product not found in Odoo: B002074"
  ]
}
[2026-03-24T01:35:27.328Z] ❌ Product validation failed for 260322SSY9KSXM
{
  "errors": [
    "Product not found in Odoo: B001908"
  ]
}
[2026-03-24T01:35:27.694Z] ❌ Product validation failed for 260322SSJT02RS
{
  "errors": [
    "Product not found in Odoo: B002074"
  ]
}
[2026-03-24T01:35:28.652Z] ❌ Product validation failed for 260322SS1JQQFG
{
  "errors": [
    "Product not found in Odoo: B001585"
  ]
}
[2026-03-24T01:35:29.206Z] ❌ Product validation failed for 260322SR1JGYFN
{
  "errors": [
    "Product not found in Odoo: B002074"
  ]
}
[2026-03-24T01:35:29.782Z] ❌ Product validation failed for 583187640753882612
{
  "errors": [
    "Product not found in Odoo: B002076"
  ]
}
[2026-03-24T01:35:30.297Z] ❌ Product validation failed for 260322SPCXBPGX
{
  "errors": [
    "Product not found in Odoo: B001579"
  ]
}
[2026-03-24T01:35:30.591Z] ❌ Product validation failed for 260322SP4JAD68
{
  "errors": [
    "Product not found in Odoo: B002074"
  ]
}
[2026-03-24T01:35:31.158Z] ❌ Product validation failed for 260322SN4PWKF4
{
  "errors": [
    "Product not found in Odoo: B001585"
  ]
}
[2026-03-24T01:35:31.567Z] ❌ Product validation failed for 260322SHCYXYEC
{
  "errors": [
    "Product not found in Odoo: B000439"
  ]
}
[2026-03-24T01:35:31.785Z] ❌ Product validation failed for 260322SGD3GPSJ
{
  "errors": [
    "Product not found in Odoo: B002076"
  ]
}
[2026-03-24T01:35:32.124Z] ❌ Product validation failed for 260322SFJC1WN3
{
  "errors": [
    "Product not found in Odoo: B003089"
  ]
}
[2026-03-24T01:35:32.444Z] ❌ Product validation failed for 260322SBSQK642
{
  "errors": [
    "Product not found in Odoo: B003089"
  ]
}
[2026-03-24T01:35:32.734Z] ❌ Product validation failed for 260322SAJ81K3S
{
  "errors": [
    "Product not found in Odoo: B002074"
  ]
}
[2026-03-24T01:35:33.436Z] ❌ Product validation failed for 260322S8W99G4C
{
  "errors": [
    "Product not found in Odoo: B002074"
  ]
}
[2026-03-24T01:35:33.545Z] ❌ Product validation failed for 583184515656091308
{
  "errors": [
    "Product not found in Odoo: B002074"
  ]
}
[2026-03-24T01:35:33.861Z] ❌ Product validation failed for 260322S5GSYS6F
{
  "errors": [
    "Product not found in Odoo: B002074"
  ]
}
[2026-03-24T01:35:34.113Z] ❌ Product validation failed for 260322S4DC1R0S
{
  "errors": [
    "Product not found in Odoo: B002074"
  ]
}
[2026-03-24T01:35:34.460Z] ❌ Product validation failed for 260322S05YGTVD
{
  "errors": [
    "Product not found in Odoo: B002996"
  ]
}
[2026-03-24T01:35:34.964Z] ❌ Product validation failed for 260322RYKBD9JK
{
  "errors": [
    "Product not found in Odoo: B001914",
    "Product not found in Odoo: B001900",
    "Product not found in Odoo: B001899",
    "Product not found in Odoo: B001894"
  ]
}
[2026-03-24T01:35:35.245Z] ❌ Product validation failed for 260322RXC5ANSS
{
  "errors": [
    "Product not found in Odoo: B005122"
  ]
}
[2026-03-24T01:35:35.615Z] ❌ Product validation failed for 260322RVP3DM0W
{
  "errors": [
    "Product not found in Odoo: B003125"
  ]
}
[2026-03-24T01:35:35.892Z] ❌ Product validation failed for 260322RV71TKHH
{
  "errors": [
    "Product not found in Odoo: B003090"
  ]
}
[2026-03-24T01:35:36.255Z] ❌ Product validation failed for 260322RTSXU7EC
{
  "errors": [
    "Product not found in Odoo: B003041"
  ]
}
[2026-03-24T01:35:36.574Z] ❌ Product validation failed for 260322RT0TYAU7
{
  "errors": [
    "Product not found in Odoo: B002076"
  ]
}
[2026-03-24T01:35:36.975Z] ❌ Product validation failed for 260322RSFX6EMR
{
  "errors": [
    "Product not found in Odoo: B002074"
  ]
}
[2026-03-24T01:35:37.256Z] ❌ Product validation failed for 260322RRDYYB9R
{
  "errors": [
    "Product not found in Odoo: B002076"
  ]
}
[2026-03-24T01:35:37.597Z] ❌ Product validation failed for 260322RJFF34X5
{
  "errors": [
    "Product not found in Odoo: B002074"
  ]
}
[2026-03-24T01:35:37.969Z] ❌ Product validation failed for 260322RHUPUYG8
{
  "errors": [
    "Product not found in Odoo: A001187"
  ]
}
[2026-03-24T01:35:38.503Z] ❌ Product validation failed for 260322RDV7XDH2
{
  "errors": [
    "Product not found in Odoo: B001583"
  ]
}
[2026-03-24T01:35:38.728Z] ❌ Product validation failed for 260322RD6W5245
{
  "errors": [
    "Product not found in Odoo: B003091"
  ]
}
[2026-03-24T01:35:39.695Z] ❌ Product validation failed for 260322RADF4DSD
{
  "errors": [
    "Product not found in Odoo: A000001"
  ]
}
[2026-03-24T01:35:41.535Z] ❌ Product validation failed for 583175808554927184
{
  "errors": [
    "Product not found in Odoo: B001854"
  ]
}
[2026-03-24T01:35:42.796Z] ❌ Product validation failed for 260321Q7MBDWD4
{
  "errors": [
    "Product not found in Odoo: B002076"
  ]
}
[2026-03-24T01:35:44.025Z] ❌ Product validation failed for 260321Q6G7K2T9
{
  "errors": [
    "Product not found in Odoo: B000854",
    "Product not found in Odoo: B000855",
    "Product not found in Odoo: B001582"
  ]
}
[2026-03-24T01:35:44.255Z] ❌ Product validation failed for 260321Q6C03QUF
{
  "errors": [
    "Product not found in Odoo: B000510"
  ]
}
[2026-03-24T01:35:46.094Z] ❌ Product validation failed for 260321PX6AUH01
{
  "errors": [
    "Product not found in Odoo: B001579"
  ]
}
[2026-03-24T01:35:47.580Z] ❌ Product validation failed for 260321PWFN5F4Q
{
  "errors": [
    "Product not found in Odoo: B002076"
  ]
}
[2026-03-24T01:35:50.027Z] ❌ Product validation failed for 260321PV7VXMGT
{
  "errors": [
    "Product not found in Odoo: B002784"
  ]
}
[2026-03-24T01:35:52.775Z] ❌ Product validation failed for 260321PSD23SAP
{
  "errors": [
    "Product not found in Odoo: B001584"
  ]
}
[2026-03-24T01:35:54.703Z] ❌ Product validation failed for 260321PMY4QSH1
{
  "errors": [
    "Product not found in Odoo: B002074"
  ]
}
[2026-03-24T01:35:58.082Z] ❌ Product validation failed for 260321PJEQPUX2
{
  "errors": [
    "Product not found in Odoo: B003121"
  ]
}
[2026-03-24T01:35:58.725Z] ❌ Product validation failed for 260321PJ636EU4
{
  "errors": [
    "Product not found in Odoo: B002074"
  ]
}
[2026-03-24T01:35:59.868Z] ❌ Product validation failed for 583170839174416333
{
  "errors": [
    "Product not found in Odoo: A000712"
  ]
}
[2026-03-24T01:36:02.238Z] ❌ Product validation failed for 260321PFVKCVGJ
{
  "errors": [
    "Product not found in Odoo: B002074"
  ]
}
[2026-03-24T01:36:04.131Z] ❌ Product validation failed for 260321PFHEPXG0
{
  "errors": [
    "Product not found in Odoo: B002069"
  ]
}
[2026-03-24T01:36:06.297Z] ❌ Product validation failed for 260321PA6DJT19
{
  "errors": [
    "Product not found in Odoo: B001579"
  ]
}
[2026-03-24T01:36:08.605Z] ❌ Product validation failed for 583168909559039250
{
  "errors": [
    "Product not found in Odoo: B002076",
    "Product not found in Odoo: B002076",
    "Product not found in Odoo: B002076"
  ]
}
[2026-03-24T01:36:10.803Z] ❌ Product validation failed for 583168887121610002
{
  "errors": [
    "Product not found in Odoo: B002076",
    "Product not found in Odoo: B002076",
    "Product not found in Odoo: B002076"
  ]
}
[2026-03-24T01:36:11.711Z] ❌ Product validation failed for 260321P4MMWJUV
{
  "errors": [
    "Product not found in Odoo: B002074"
  ]
}
[2026-03-24T01:36:14.018Z] ❌ Product validation failed for 260321P4FKQTWB
{
  "errors": [
    "Product not found in Odoo: B002074"
  ]
}
[2026-03-24T01:36:15.410Z] ❌ Product validation failed for 260321P2UEUU9Q
{
  "errors": [
    "Product not found in Odoo: B002054"
  ]
}
[2026-03-24T01:36:16.219Z] ❌ Product validation failed for 583168208602957822
{
  "errors": [
    "Product not found in Odoo: B002076"
  ]
}
[2026-03-24T01:36:18.077Z] ❌ Product validation failed for 260321P0KDTWSS
{
  "errors": [
    "Product not found in Odoo: B002074"
  ]
}
[2026-03-24T01:36:19.457Z] ❌ Product validation failed for 260321NY6FM6B7
{
  "errors": [
    "Product not found in Odoo: B002074"
  ]
}
[2026-03-24T01:36:21.442Z] ❌ Product validation failed for 260321NXNTGDW7
{
  "errors": [
    "Product not found in Odoo: B001583"
  ]
}
[2026-03-24T01:36:22.141Z] ❌ Product validation failed for 260321NXHG883B
{
  "errors": [
    "Product not found in Odoo: B002076"
  ]
}
[2026-03-24T01:36:22.929Z] ❌ Product validation failed for 260321NXB9X7W6
{
  "errors": [
    "Product not found in Odoo: B001585"
  ]
}
[2026-03-24T01:36:23.665Z] ❌ Product validation failed for 260321NUP7622K
{
  "errors": [
    "Product not found in Odoo: B002074"
  ]
}
[2026-03-24T01:36:24.251Z] ❌ Product validation failed for 583167027542591289
{
  "errors": [
    "Product not found in Odoo: A000714"
  ]
}
[2026-03-24T01:36:25.446Z] ❌ Product validation failed for 260321NR9BCYX0
{
  "errors": [
    "Product not found in Odoo: B002076"
  ]
}
[2026-03-24T01:36:26.274Z] ❌ Product validation failed for 260321N3281DBT
{
  "errors": [
    "Product not found in Odoo: B001582"
  ]
}
[2026-03-24T01:36:27.179Z] ❌ Product validation failed for 260320MXJQ587G
{
  "errors": [
    "Product not found in Odoo: B002074"
  ]
}
[2026-03-24T01:36:34.342Z] ❌ Product validation failed for 260320MW0NVMFF
{
  "errors": [
    "Product not found in Odoo: B003572"
  ]
}
[2026-03-24T01:36:42.267Z] ❌ Product validation failed for 260320MUJU42R1
{
  "errors": [
    "Product not found in Odoo: B005055"
  ]
}
[2026-03-24T01:36:44.937Z] ❌ Product validation failed for 260320MPXY0V06
{
  "errors": [
    "Product not found in Odoo: B002076"
  ]
}
[2026-03-24T01:36:46.657Z] ❌ Product validation failed for 260320MPHQHPP7
{
  "errors": [
    "Product not found in Odoo: B002074"
  ]
}
[2026-03-24T01:36:47.668Z] ❌ Product validation failed for 260320MPA0KPHM
{
  "errors": [
    "Product not found in Odoo: B002074"
  ]
}
[2026-03-24T01:36:49.949Z] ❌ Product validation failed for 260320MHYMP979
{
  "errors": [
    "Product not found in Odoo: B001913"
  ]
}
[2026-03-24T01:36:51.476Z] ❌ Product validation failed for 260320MFP9N652
{
  "errors": [
    "Product not found in Odoo: B002054"
  ]
}
[2026-03-24T01:36:53.173Z] ❌ Product validation failed for 260320M9T901JX
{
  "errors": [
    "Product not found in Odoo: B002074"
  ]
}
[2026-03-24T01:36:54.212Z] ❌ Product validation failed for 583159737363694973
{
  "errors": [
    "Product not found in Odoo: B001869"
  ]
}
[2026-03-24T01:36:56.792Z] ❌ Product validation failed for 260320M3Y03EDM
{
  "errors": [
    "Product not found in Odoo: B002569"
  ]
}
[2026-03-24T01:36:59.284Z] ❌ Product validation failed for 260320M30S1SKG
{
  "errors": [
    "Product not found in Odoo: B001855"
  ]
}
[2026-03-24T01:37:03.265Z] ❌ Product validation failed for 260320KYN6A2CV
{
  "errors": [
    "Product not found in Odoo: B002078"
  ]
}
[2026-03-24T01:37:05.144Z] ❌ Product validation failed for 260320KX5YN2JG
{
  "errors": [
    "Product not found in Odoo: B002074",
    "Product not found in Odoo: A001146"
  ]
}
[2026-03-24T01:37:05.913Z] ❌ Product validation failed for 583158536005977993
{
  "errors": [
    "Product not found in Odoo: B001858"
  ]
}
[2026-03-24T01:37:08.811Z] ❌ Product validation failed for 260320KW0A5N2J
{
  "errors": [
    "Product not found in Odoo: B002054"
  ]
}
[2026-03-24T01:37:12.107Z] ❌ Product validation failed for 260320KU0YMVCD
{
  "errors": [
    "Product not found in Odoo: B001877",
    "Product not found in Odoo: B001904"
  ]
}
[2026-03-24T01:37:12.922Z] ❌ Product validation failed for 260320KSQVJNVA
{
  "errors": [
    "Product not found in Odoo: B003802",
    "Product not found in Odoo: B003801"
  ]
}
[2026-03-24T01:37:14.544Z] ❌ Product validation failed for 260320KP7BDHTG
{
  "errors": [
    "Product not found in Odoo: B002076"
  ]
}
[2026-03-24T01:37:15.210Z] ❌ Product validation failed for 260320KM3NMQDY
{
  "errors": [
    "Product not found in Odoo: B002993"
  ]
}
[2026-03-24T01:37:16.489Z] ❌ Product validation failed for 260320KKK86YTK
{
  "errors": [
    "Product not found in Odoo: B002069"
  ]
}
[2026-03-24T01:37:16.849Z] ❌ Product validation failed for 583155955890226613
{
  "errors": [
    "Product not found in Odoo: B002054"
  ]
}
[2026-03-24T01:37:17.621Z] ❌ Product validation failed for 260320KGJNA5RX
{
  "errors": [
    "Product not found in Odoo: A000712",
    "Product not found in Odoo: A000578"
  ]
}
[2026-03-24T01:37:18.480Z] ❌ Product validation failed for 260320KFQEN8G2
{
  "errors": [
    "Product not found in Odoo: B002787"
  ]
}
[2026-03-24T01:37:19.586Z] ❌ Product validation failed for 260320KDW82WNN
{
  "errors": [
    "Product not found in Odoo: B002078"
  ]
}
[2026-03-24T01:37:21.312Z] ❌ Product validation failed for 260320KDC2SGPB
{
  "errors": [
    "Product not found in Odoo: B001860",
    "Product not found in Odoo: B001874",
    "Product not found in Odoo: B001871",
    "Product not found in Odoo: B001870",
    "Product not found in Odoo: B001866"
  ]
}
[2026-03-24T01:37:21.591Z] ❌ Product validation failed for 260320K4YSSMR3
{
  "errors": [
    "Product not found in Odoo: A000199"
  ]
}
[2026-03-24T01:37:24.108Z] ❌ Product validation failed for 260320JQPTC1GA
{
  "errors": [
    "Product not found in Odoo: B002439",
    "Product not found in Odoo: B002438"
  ]
}
[2026-03-24T01:37:24.658Z] ❌ Product validation failed for 260320JNGDT0TG
{
  "errors": [
    "Product not found in Odoo: B002074"
  ]
}
[2026-03-24T01:37:25.015Z] ❌ Product validation failed for 260320JJDU2K8Y
{
  "errors": [
    "Product not found in Odoo: B003062"
  ]
}
[2026-03-24T01:37:25.908Z] ❌ Product validation failed for 260320JGA4BM8F
{
  "errors": [
    "Product not found in Odoo: A000199"
  ]
}
[2026-03-24T01:37:26.761Z] ❌ Product validation failed for 260320JFQ3VJ4K
{
  "errors": [
    "Product not found in Odoo: B003041"
  ]
}
[2026-03-24T01:37:27.466Z] ❌ Product validation failed for 260319JENRR1XX
{
  "errors": [
    "Product not found in Odoo: B001579"
  ]
}
[2026-03-24T01:37:27.952Z] ❌ Product validation failed for 260319JEE9AB3M
{
  "errors": [
    "Product not found in Odoo: B000913"
  ]
}
[2026-03-24T01:37:28.957Z] ❌ Product validation failed for 260319JDJWUYWF
{
  "errors": [
    "Product not found in Odoo: B002076",
    "Product not found in Odoo: B002078",
    "Product not found in Odoo: B002074",
    "Product not found in Odoo: B001585"
  ]
}
[2026-03-24T01:37:29.908Z] ❌ Product validation failed for 260319JDHHYNH1
{
  "errors": [
    "Product not found in Odoo: B002074"
  ]
}
[2026-03-24T01:37:30.901Z] ❌ Product validation failed for 260319JBU7EUMK
{
  "errors": [
    "Product not found in Odoo: B001585"
  ]
}
[2026-03-24T01:37:31.817Z] ❌ Product validation failed for 260319JASB33GS
{
  "errors": [
    "Product not found in Odoo: A000199"
  ]
}
[2026-03-24T01:37:32.586Z] ❌ Product validation failed for 260319J8UEC8DC
{
  "errors": [
    "Product not found in Odoo: B002074"
  ]
}
[2026-03-24T01:37:33.943Z] ❌ Product validation failed for 260319J723EAGX
{
  "errors": [
    "Product not found in Odoo: A000199"
  ]
}
[2026-03-24T01:37:34.734Z] ❌ Product validation failed for 260319HYAQY48H
{
  "errors": [
    "Product not found in Odoo: A000199"
  ]
}
[2026-03-24T01:37:35.973Z] ❌ Product validation failed for 260319HVTRASAT
{
  "errors": [
    "Product not found in Odoo: A000199"
  ]
}
[2026-03-24T01:37:37.228Z] ❌ Product validation failed for 260319HU2CXRW0
{
  "errors": [
    "Product not found in Odoo: B002076"
  ]
}
[2026-03-24T01:37:38.174Z] ❌ Product validation failed for 583147699300697520
{
  "errors": [
    "Product not found in Odoo: B003061",
    "Product not found in Odoo: B003061",
    "Product not found in Odoo: B003061"
  ]
}
[2026-03-24T01:37:38.935Z] ❌ Product validation failed for 260319HQQYA4H1
{
  "errors": [
    "Product not found in Odoo: A000199"
  ]
}
[2026-03-24T01:37:39.553Z] ❌ Product validation failed for 260319HQKGAC4S
{
  "errors": [
    "Product not found in Odoo: B002074"
  ]
}
[2026-03-24T01:37:40.287Z] ❌ Product validation failed for 260319HK4CQB1T
{
  "errors": [
    "Product not found in Odoo: B003184"
  ]
}
[2026-03-24T01:37:41.072Z] ❌ Product validation failed for 260319HHQCQSNV
{
  "errors": [
    "Product not found in Odoo: B002077"
  ]
}
[2026-03-24T01:37:42.489Z] ❌ Product validation failed for 260319HH4NRDNF
{
  "errors": [
    "Product not found in Odoo: B002078"
  ]
}
[2026-03-24T01:37:43.142Z] ❌ Product validation failed for 260319HH4E512W
{
  "errors": [
    "Product not found in Odoo: B003149"
  ]
}
[2026-03-24T01:37:43.879Z] ❌ Product validation failed for 260319H9KGNMUQ
{
  "errors": [
    "Product not found in Odoo: B002076"
  ]
}
[2026-03-24T01:37:44.768Z] ❌ Product validation failed for 260319H9CAU0EM
{
  "errors": [
    "Product not found in Odoo: B003801"
  ]
}
[2026-03-24T01:37:45.779Z] ❌ Product validation failed for 260319H92WEKAH
{
  "errors": [
    "Product not found in Odoo: A000199"
  ]
}
[2026-03-24T01:37:46.967Z] ❌ Product validation failed for 260319H7XPRA0K
{
  "errors": [
    "Product not found in Odoo: B003020",
    "Product not found in Odoo: B001860",
    "Product not found in Odoo: B001871",
    "Product not found in Odoo: B001869",
    "Product not found in Odoo: B001874",
    "Product not found in Odoo: B001870",
    "Product not found in Odoo: B001866"
  ]
}
[2026-03-24T01:37:48.688Z] ❌ Product validation failed for 260319H6BANC0B
{
  "errors": [
    "Product not found in Odoo: A000199"
  ]
}
[2026-03-24T01:37:49.264Z] ❌ Product validation failed for 260319H65Y0HK9
{
  "errors": [
    "Product not found in Odoo: B002076"
  ]
}
[2026-03-24T01:37:49.711Z] ❌ Product validation failed for 260319H4P661KD
{
  "errors": [
    "Product not found in Odoo: B003133",
    "Product not found in Odoo: A001148"
  ]
}
[2026-03-24T01:37:50.890Z] ❌ Product validation failed for 260319H4NDCHJQ
{
  "errors": [
    "Product not found in Odoo: A000199"
  ]
}
[2026-03-24T01:37:51.463Z] ❌ Product validation failed for 260319H3SB2YC8
{
  "errors": [
    "Product not found in Odoo: B002076"
  ]
}
[2026-03-24T01:37:52.619Z] ❌ Product validation failed for 260319H3NJUU6Q
{
  "errors": [
    "Product not found in Odoo: B002074"
  ]
}
[2026-03-24T01:37:53.062Z] ❌ Product validation failed for 260319H0Q5P1X5
{
  "errors": [
    "Product not found in Odoo: B001902",
    "Product not found in Odoo: B003747"
  ]
}
[2026-03-24T01:37:53.504Z] ❌ Product validation failed for 260319H06AUP6Y
{
  "errors": [
    "Product not found in Odoo: B002076"
  ]
}
[2026-03-24T01:37:54.630Z] ❌ Product validation failed for 260319GXQDQGHP
{
  "errors": [
    "Product not found in Odoo: B002074"
  ]
}
[2026-03-24T01:37:56.237Z] ❌ Product validation failed for 260319GW710V71
{
  "errors": [
    "Product not found in Odoo: B002078"
  ]
}
[2026-03-24T01:37:56.742Z] ❌ Product validation failed for 260319GVQE5US9
{
  "errors": [
    "Product not found in Odoo: B003159"
  ]
}
[2026-03-24T01:37:57.277Z] ❌ Product validation failed for 260319GTSXT5UY
{
  "errors": [
    "Product not found in Odoo: B002076"
  ]
}
[2026-03-24T01:37:58.923Z] ❌ Product validation failed for 260319GG3G3Q7W
{
  "errors": [
    "Product not found in Odoo: B002069"
  ]
}
[2026-03-24T01:38:00.699Z] ❌ Product validation failed for 260319G81WH7CE
{
  "errors": [
    "Product not found in Odoo: B002076"
  ]
}
[2026-03-24T01:38:01.217Z] ❌ Product validation failed for 260319G3F2RP26
{
  "errors": [
    "Product not found in Odoo: B001582"
  ]
}
[2026-03-24T01:38:01.563Z] ❌ Product validation failed for 260319G12TA2NQ
{
  "errors": [
    "Product not found in Odoo: B001904"
  ]
}
[2026-03-24T01:38:02.069Z] ❌ Product validation failed for 260318FV43X82D
{
  "errors": [
    "Product not found in Odoo: B002074"
  ]
}
[2026-03-24T01:38:02.682Z] ❌ Product validation failed for 260318FU9N5MCT
{
  "errors": [
    "Product not found in Odoo: B002994"
  ]
}
[2026-03-24T01:38:03.840Z] ❌ Product validation failed for 260318FJ69Y09N
{
  "errors": [
    "Product not found in Odoo: B002076"
  ]
}
[2026-03-24T01:38:04.450Z] ❌ Product validation failed for 260318FHHM4P4W
{
  "errors": [
    "Product not found in Odoo: B002074"
  ]
}
[2026-03-24T01:38:05.319Z] ❌ Product validation failed for 260318FGNQGDQ7
{
  "errors": [
    "Product not found in Odoo: B002074"
  ]
}
[2026-03-24T01:38:06.109Z] ❌ Product validation failed for 260318FE4HQAEU
{
  "errors": [
    "Product not found in Odoo: B002076"
  ]
}
[2026-03-24T01:38:06.432Z] ❌ Product validation failed for 260318FDE1P3Q7
{
  "errors": [
    "Product not found in Odoo: B002076"
  ]
}
[2026-03-24T01:38:06.873Z] ❌ Product validation failed for 583134757310990141
{
  "errors": [
    "Product not found in Odoo: B002074"
  ]
}
[2026-03-24T01:38:07.490Z] ❌ Product validation failed for 260318F5FCGGDT
{
  "errors": [
    "Product not found in Odoo: B003133"
  ]
}
[2026-03-24T01:38:08.160Z] ❌ Product validation failed for 260318F5AUKA85
{
  "errors": [
    "Product not found in Odoo: B002074"
  ]
}
[2026-03-24T01:38:09.068Z] ❌ Product validation failed for 260318F49Q46P7
{
  "errors": [
    "Product not found in Odoo: B002074"
  ]
}
[2026-03-24T01:38:09.759Z] ❌ Product validation failed for 260318F39AEU4C
{
  "errors": [
    "Product not found in Odoo: B002074"
  ]
}
[2026-03-24T01:38:10.835Z] ❌ Product validation failed for 260318F04PU3V4
{
  "errors": [
    "Product not found in Odoo: B002836"
  ]
}
[2026-03-24T01:38:12.444Z] ❌ Product validation failed for 260318EXQYBVSH
{
  "errors": [
    "Product not found in Odoo: B002998",
    "Product not found in Odoo: B003005",
    "Product not found in Odoo: B002995"
  ]
}
[2026-03-24T01:38:12.808Z] ❌ Product validation failed for 260318EW2U07XV
{
  "errors": [
    "Product not found in Odoo: B002069"
  ]
}
[2026-03-24T01:38:13.890Z] ❌ Product validation failed for 583131875480798991
{
  "errors": [
    "Product not found in Odoo: B002550",
    "Product not found in Odoo: B002550",
    "Product not found in Odoo: B002550"
  ]
}
[2026-03-24T01:38:14.238Z] ❌ Product validation failed for 260318EKEVP8ES
{
  "errors": [
    "Product not found in Odoo: B002078"
  ]
}
[2026-03-24T01:38:18.767Z] ❌ Product validation failed for 583129176310711985
{
  "errors": [
    "Product not found in Odoo: A000578",
    "Product not found in Odoo: A000712",
    "Product not found in Odoo: A000578",
    "Product not found in Odoo: A000578",
    "Product not found in Odoo: A000578",
    "Product not found in Odoo: A000578",
    "Product not found in Odoo: A000712",
    "Product not found in Odoo: A000712",
    "Product not found in Odoo: A000712",
    "Product not found in Odoo: A000712",
    "Product not found in Odoo: A000712",
    "Product not found in Odoo: A000712",
    "Product not found in Odoo: A000712",
    "Product not found in Odoo: A000712",
    "Product not found in Odoo: A000712",
    "Product not found in Odoo: A000578",
    "Product not found in Odoo: A000578",
    "Product not found in Odoo: A000578",
    "Product not found in Odoo: A000578",
    "Product not found in Odoo: A000578",
    "Product not found in Odoo: A000578",
    "Product not found in Odoo: A000578",
    "Product not found in Odoo: A000578",
    "Product not found in Odoo: A000578",
    "Product not found in Odoo: A000578",
    "Product not found in Odoo: A000578"
  ]
}
[2026-03-24T01:38:18.887Z] ❌ Product validation failed for 583123738900727358
{
  "errors": [
    "Product not found in Odoo: B002074"
  ]
}
[2026-03-24T01:38:19.869Z] ❌ Product validation failed for 583121793780843989
{
  "errors": [
    "Product not found in Odoo: B002076"
  ]
}
[2026-03-24T01:38:20.233Z] ❌ Product validation failed for 583121170764498839
{
  "errors": [
    "Product not found in Odoo: A001022"
  ]
}
[2026-03-24T01:38:20.599Z] ❌ Product validation failed for 583121170410145687
{
  "errors": [
    "Product not found in Odoo: A001022"
  ]
}
[2026-03-24T01:38:20.708Z] ❌ Product validation failed for 583117340206531808
{
  "errors": [
    "Product not found in Odoo: B002076"
  ]
}
[2026-03-24T01:38:22.738Z] ❌ Product validation failed for 583114440493794882
{
  "errors": [
    "Product not found in Odoo: A000578",
    "Product not found in Odoo: A000578",
    "Product not found in Odoo: A000578",
    "Product not found in Odoo: A000578",
    "Product not found in Odoo: A000578",
    "Product not found in Odoo: A000578",
    "Product not found in Odoo: A000578",
    "Product not found in Odoo: A000578",
    "Product not found in Odoo: A000578",
    "Product not found in Odoo: A000578"
  ]
}
[2026-03-24T01:38:22.857Z] ❌ Product validation failed for 583109214872634970
{
  "errors": [
    "Product not found in Odoo: B001904"
  ]
}
[2026-03-24T01:38:24.169Z] ❌ Product validation failed for 583101556843709875
{
  "errors": [
    "Product not found in Odoo: B002074"
  ]
}
[2026-03-24T01:38:24.731Z] ❌ Product validation failed for 26031571A1QJYC
{
  "errors": [
    "Product not found in Odoo: B003797"
  ]
}
[2026-03-24T01:38:25.017Z] ❌ Product validation failed for 583083599177090847
{
  "errors": [
    "Product not found in Odoo: B002794",
    "Product not found in Odoo: B002794"
  ]
}
[2026-03-24T01:38:25.610Z] ❌ Product validation failed for 583059800286791596
{
  "errors": [
    "Product not found in Odoo: B002999"
  ]
}
[2026-03-24T01:38:27.158Z] ❌ Product validation failed for 583052880638150133
{
  "errors": [
    "Product not found in Odoo: B002054"
  ]
}
[2026-03-24T01:38:28.757Z] ❌ Product validation failed for 2603120UM8NKN4
{
  "errors": [
    "Product not found in Odoo: B002054"
  ]
}
[2026-03-24T01:38:29.197Z] ❌ Product validation failed for 260312VKJHN8RP
{
  "errors": [
    "Product not found in Odoo: B002074"
  ]
}
